<?xml version="1.0" encoding="UTF-8"?>
<!-- Generated by org.testng.reporters.JUnitReportReporter -->
<testsuite skipped="0" hostname="ABHISHEK-PC" name="com.automation.framework.TestApp.NewTest" tests="1" failures="0" timestamp="12 Jan 2018 06:39:16 GMT" time="0.000" errors="0">
  <testcase name="f" time="0.000" classname="com.automation.framework.TestApp.NewTest"/>
</testsuite> <!-- com.automation.framework.TestApp.NewTest -->
